<?xml version="1.0" encoding="UTF-8"?>
<!-- Generated by org.testng.reporters.JUnitXMLReporter -->
<testsuite ignored="0" hostname="kannu" failures="1" tests="1" name="TestPara" time="0.114" errors="0" timestamp="2023-07-18T14:40:54 IST">
  <testcase classname="demo.TestngParametersDemo" name="test" time="0.0">
    <failure type="org.testng.TestNGException" message="
Parameter &amp;apos;MyName&amp;apos; is required by @Test on method test but has not been marked @Optional or defined
in D:\eclips\SeleniumMavenFramework_Demo\testngPara.xml">
      <![CDATA[org.testng.TestNGException: 
Parameter 'MyName' is required by @Test on method test but has not been marked @Optional or defined
in D:\eclips\SeleniumMavenFramework_Demo\testngPara.xml
at java.base/java.util.ArrayList.forEach(ArrayList.java:1511)
... Removed 26 stack frames]]>
    </failure>
  </testcase> <!-- test -->
</testsuite> <!-- TestPara -->
