<?xml version="1.0" encoding="UTF-8"?>
<!-- Generated by org.testng.reporters.JUnitXMLReporter -->
<testsuite ignored="0" hostname="kannu" failures="0" tests="2" name="Test" time="4.38" errors="0" timestamp="2023-07-17T17:57:29 IST">
  <testcase classname="test.TestNg_Demo" name="@BeforeTest setUpTest" time="0.036">
    <failure type="java.lang.IllegalStateException" message="The path to the driver executable The path to the driver executable must be set by the webdriver.gecko.driver system property; for more information, see https://github.com/mozilla/geckodriver. The latest version can be downloaded from https://github.com/mozilla/geckodriver/releases">
      <![CDATA[java.lang.IllegalStateException: The path to the driver executable The path to the driver executable must be set by the webdriver.gecko.driver system property; for more information, see https://github.com/mozilla/geckodriver. The latest version can be downloaded from https://github.com/mozilla/geckodriver/releases
at org.openqa.selenium.internal.Require$StateChecker.nonNull(Require.java:280)
at org.openqa.selenium.remote.service.DriverService.findExecutable(DriverService.java:132)
at org.openqa.selenium.firefox.GeckoDriverService.access$100(GeckoDriverService.java:44)
at org.openqa.selenium.firefox.GeckoDriverService$Builder.findDefaultExecutable(GeckoDriverService.java:185)
at org.openqa.selenium.remote.service.DriverService$Builder.build(DriverService.java:434)
at org.openqa.selenium.firefox.FirefoxDriver.toExecutor(FirefoxDriver.java:232)
at org.openqa.selenium.firefox.FirefoxDriver.<init>(FirefoxDriver.java:186)
at org.openqa.selenium.firefox.FirefoxDriver.<init>(FirefoxDriver.java:164)
at test.TestNg_Demo.setUpTest(TestNg_Demo.java:32)
... Removed 22 stack frames]]>
    </failure>
  </testcase> <!-- @BeforeTest setUpTest -->
  <testcase classname="test.ExtendReportDemoWithTestng" name="@AfterTest closeingBrowser" time="0.0">
    <skipped/>
  </testcase> <!-- @AfterTest closeingBrowser -->
  <testcase classname="test.TestNg_Demo" name="@AfterTest closeingMeth" time="0.0">
    <skipped/>
  </testcase> <!-- @AfterTest closeingMeth -->
  <testcase classname="test.ExtendReportDemoWithTestng" name="testMethod" time="0.0">
    <skipped/>
  </testcase> <!-- testMethod -->
  <testcase classname="test.TestNg_Demo" name="TestMeth" time="0.0">
    <skipped/>
  </testcase> <!-- TestMeth -->
</testsuite> <!-- Test -->
